Training convolutional network with MNIST data set
Loading images...
Loaded 200 images
Creating neural network...
Training neural network
Training convolutional network with MNIST data set
Loading images...
Loaded 200 images
Creating neural network...
Training neural network
Iteration:1, Time:1018ms, TotalError:2.394194, ErrorChange:2.394194
Iteration:2, Time:791ms, TotalError:2.3652234, ErrorChange:-0.02897048
Iteration:3, Time:755ms, TotalError:2.3401601, ErrorChange:-0.025063276
Iteration:4, Time:765ms, TotalError:2.3173509, ErrorChange:-0.022809267
Iteration:5, Time:906ms, TotalError:2.295618, ErrorChange:-0.021732807
Iteration:6, Time:803ms, TotalError:2.2731903, ErrorChange:-0.022427797
Iteration:7, Time:789ms, TotalError:2.250242, ErrorChange:-0.022948265
Iteration:8, Time:771ms, TotalError:2.225375, ErrorChange:-0.024867058
Iteration:9, Time:774ms, TotalError:2.2000203, ErrorChange:-0.025354624
Iteration:10, Time:767ms, TotalError:2.1719203, ErrorChange:-0.028100014
Training convolutional network with MNIST data set
Loading images...
Loaded 200 images
Creating neural network...
Training neural network
Iteration:1, Time:884ms, TotalError:2.394194, ErrorChange:2.394194
Iteration:2, Time:724ms, TotalError:2.3652234, ErrorChange:-0.02897048
Iteration:3, Time:718ms, TotalError:2.3401601, ErrorChange:-0.025063276
Iteration:4, Time:717ms, TotalError:2.3173509, ErrorChange:-0.022809267
Iteration:5, Time:729ms, TotalError:2.295618, ErrorChange:-0.021732807
Iteration:6, Time:718ms, TotalError:2.2731903, ErrorChange:-0.022427797
Iteration:7, Time:715ms, TotalError:2.250242, ErrorChange:-0.022948265
Iteration:8, Time:719ms, TotalError:2.225375, ErrorChange:-0.024867058
Iteration:9, Time:721ms, TotalError:2.2000203, ErrorChange:-0.025354624
Iteration:10, Time:759ms, TotalError:2.1719203, ErrorChange:-0.028100014
Iteration:11, Time:716ms, TotalError:2.139892, ErrorChange:-0.0320282
Iteration:12, Time:720ms, TotalError:2.1051579, ErrorChange:-0.03473425
Iteration:13, Time:720ms, TotalError:2.0678387, ErrorChange:-0.037319183
Iteration:14, Time:718ms, TotalError:2.0252028, ErrorChange:-0.042635918
Iteration:15, Time:741ms, TotalError:1.977312, ErrorChange:-0.047890782
Iteration:16, Time:750ms, TotalError:1.921798, ErrorChange:-0.055513978
Iteration:17, Time:733ms, TotalError:1.8640971, ErrorChange:-0.057700872
Iteration:18, Time:732ms, TotalError:1.8054309, ErrorChange:-0.05866623
Iteration:19, Time:719ms, TotalError:1.7461488, ErrorChange:-0.059282064
Iteration:20, Time:750ms, TotalError:1.6741298, ErrorChange:-0.07201898
Iteration:21, Time:744ms, TotalError:1.5932721, ErrorChange:-0.080857754
Iteration:22, Time:723ms, TotalError:1.5130279, ErrorChange:-0.08024418
Iteration:23, Time:751ms, TotalError:1.4368116, ErrorChange:-0.07621634
Iteration:24, Time:739ms, TotalError:1.3596525, ErrorChange:-0.07715905
Iteration:25, Time:736ms, TotalError:1.2756354, ErrorChange:-0.08401716
Iteration:26, Time:734ms, TotalError:1.1723953, ErrorChange:-0.10324001
Iteration:27, Time:720ms, TotalError:1.0638511, ErrorChange:-0.10854423
Iteration:28, Time:740ms, TotalError:0.9852914, ErrorChange:-0.0785597
Iteration:29, Time:729ms, TotalError:0.9257858, ErrorChange:-0.05950564
Iteration:30, Time:726ms, TotalError:0.8764216, ErrorChange:-0.04936421
Iteration:31, Time:722ms, TotalError:0.8362658, ErrorChange:-0.04015577
Iteration:32, Time:730ms, TotalError:0.8036185, ErrorChange:-0.03264731
Iteration:33, Time:728ms, TotalError:0.7743637, ErrorChange:-0.029254794
Iteration:34, Time:726ms, TotalError:0.749708, ErrorChange:-0.0246557
Iteration:35, Time:730ms, TotalError:0.72820985, ErrorChange:-0.021498144
Iteration:36, Time:742ms, TotalError:0.70792276, ErrorChange:-0.020287097
Iteration:37, Time:769ms, TotalError:0.68803805, ErrorChange:-0.019884706
Iteration:38, Time:734ms, TotalError:0.66809183, ErrorChange:-0.019946218
Iteration:39, Time:724ms, TotalError:0.64241785, ErrorChange:-0.025673985
Iteration:40, Time:732ms, TotalError:0.6123383, ErrorChange:-0.030079544
Iteration:41, Time:722ms, TotalError:0.57339734, ErrorChange:-0.038940966
Iteration:42, Time:747ms, TotalError:0.5154822, ErrorChange:-0.05791515
Iteration:43, Time:761ms, TotalError:0.43417263, ErrorChange:-0.08130956
Iteration:44, Time:739ms, TotalError:0.3607983, ErrorChange:-0.07337433
Iteration:45, Time:752ms, TotalError:0.31321985, ErrorChange:-0.047578454
Iteration:46, Time:748ms, TotalError:0.2719059, ErrorChange:-0.041313946
Iteration:47, Time:734ms, TotalError:0.23743431, ErrorChange:-0.034471586
Iteration:48, Time:780ms, TotalError:0.21040621, ErrorChange:-0.027028099
Iteration:49, Time:722ms, TotalError:0.1886716, ErrorChange:-0.02173461
Iteration:50, Time:717ms, TotalError:0.1713961, ErrorChange:-0.017275497
Iteration:51, Time:735ms, TotalError:0.157837, ErrorChange:-0.013559103
Iteration:52, Time:729ms, TotalError:0.1464974, ErrorChange:-0.011339605
Iteration:53, Time:726ms, TotalError:0.13685445, ErrorChange:-0.009642944
Iteration:54, Time:766ms, TotalError:0.12865621, ErrorChange:-0.008198246
Iteration:55, Time:728ms, TotalError:0.12157451, ErrorChange:-0.007081695
Iteration:56, Time:728ms, TotalError:0.11541983, ErrorChange:-0.006154686
Iteration:57, Time:720ms, TotalError:0.109924205, ErrorChange:-0.0054956228
Iteration:58, Time:735ms, TotalError:0.105108224, ErrorChange:-0.004815981
Iteration:59, Time:726ms, TotalError:0.100833446, ErrorChange:-0.004274778
Iteration:60, Time:726ms, TotalError:0.09688671, ErrorChange:-0.0039467365
Iteration:61, Time:717ms, TotalError:0.09337544, ErrorChange:-0.0035112724
Iteration:62, Time:717ms, TotalError:0.09006121, ErrorChange:-0.0033142269
Iteration:63, Time:714ms, TotalError:0.087038755, ErrorChange:-0.0030224547
Iteration:64, Time:720ms, TotalError:0.08415692, ErrorChange:-0.0028818324
Iteration:65, Time:725ms, TotalError:0.08140881, ErrorChange:-0.0027481094
Iteration:66, Time:717ms, TotalError:0.07883667, ErrorChange:-0.0025721416
Iteration:67, Time:712ms, TotalError:0.07634589, ErrorChange:-0.0024907812
Iteration:68, Time:721ms, TotalError:0.07384678, ErrorChange:-0.002499111
Iteration:69, Time:928ms, TotalError:0.07129181, ErrorChange:-0.002554968
Iteration:70, Time:833ms, TotalError:0.068679705, ErrorChange:-0.0026121065
Iteration:71, Time:853ms, TotalError:0.0659064, ErrorChange:-0.0027733073
Iteration:72, Time:877ms, TotalError:0.0631783, ErrorChange:-0.0027280971
Iteration:73, Time:1011ms, TotalError:0.061171878, ErrorChange:-0.0020064227
Iteration:74, Time:934ms, TotalError:0.057522926, ErrorChange:-0.0036489516
Iteration:75, Time:743ms, TotalError:0.049581002, ErrorChange:-0.007941924
Iteration:76, Time:733ms, TotalError:0.04751986, ErrorChange:-0.0020611435
Iteration:77, Time:728ms, TotalError:0.046061993, ErrorChange:-0.0014578663
Iteration:78, Time:732ms, TotalError:0.04487669, ErrorChange:-0.0011853017
Iteration:79, Time:747ms, TotalError:0.043749537, ErrorChange:-0.0011271536
Iteration:80, Time:722ms, TotalError:0.04274182, ErrorChange:-0.0010077171
Iteration:81, Time:741ms, TotalError:0.04180555, ErrorChange:-9.3626976E-4
Iteration:82, Time:1139ms, TotalError:0.040905796, ErrorChange:-8.9975446E-4
Iteration:83, Time:755ms, TotalError:0.04008869, ErrorChange:-8.171052E-4
Iteration:84, Time:732ms, TotalError:0.039331492, ErrorChange:-7.571988E-4
Iteration:85, Time:732ms, TotalError:0.038569044, ErrorChange:-7.624477E-4
Iteration:86, Time:745ms, TotalError:0.037884116, ErrorChange:-6.8492815E-4
Iteration:87, Time:739ms, TotalError:0.037220433, ErrorChange:-6.636828E-4
Iteration:88, Time:757ms, TotalError:0.03658531, ErrorChange:-6.3512474E-4
Iteration:89, Time:842ms, TotalError:0.03598762, ErrorChange:-5.976893E-4
Iteration:90, Time:755ms, TotalError:0.035397757, ErrorChange:-5.8986247E-4
Iteration:91, Time:756ms, TotalError:0.034844175, ErrorChange:-5.5358186E-4
Iteration:92, Time:767ms, TotalError:0.03432219, ErrorChange:-5.2198395E-4
Iteration:93, Time:750ms, TotalError:0.033803467, ErrorChange:-5.187243E-4
Iteration:94, Time:726ms, TotalError:0.033308912, ErrorChange:-4.9455464E-4
Iteration:95, Time:714ms, TotalError:0.03283411, ErrorChange:-4.7480315E-4
Iteration:96, Time:715ms, TotalError:0.032380782, ErrorChange:-4.5332685E-4
Iteration:97, Time:720ms, TotalError:0.03194104, ErrorChange:-4.3974072E-4
Iteration:98, Time:725ms, TotalError:0.03151539, ErrorChange:-4.2565167E-4
Iteration:99, Time:720ms, TotalError:0.031102646, ErrorChange:-4.1274354E-4
Iteration:100, Time:741ms, TotalError:0.030703865, ErrorChange:-3.9878115E-4
Iteration:101, Time:748ms, TotalError:0.03031942, ErrorChange:-3.8444437E-4
Iteration:102, Time:727ms, TotalError:0.029949212, ErrorChange:-3.7020817E-4
Iteration:103, Time:718ms, TotalError:0.029588666, ErrorChange:-3.6054663E-4
Iteration:104, Time:724ms, TotalError:0.029236339, ErrorChange:-3.5232678E-4
Iteration:105, Time:717ms, TotalError:0.028892333, ErrorChange:-3.4400634E-4
Iteration:106, Time:720ms, TotalError:0.028559055, ErrorChange:-3.332775E-4
Iteration:107, Time:720ms, TotalError:0.028236741, ErrorChange:-3.2231398E-4
Iteration:108, Time:718ms, TotalError:0.027927263, ErrorChange:-3.094785E-4
Iteration:109, Time:716ms, TotalError:0.027623706, ErrorChange:-3.0355714E-4
Iteration:110, Time:729ms, TotalError:0.027327375, ErrorChange:-2.9633008E-4
Iteration:111, Time:731ms, TotalError:0.027042318, ErrorChange:-2.8505735E-4
Iteration:112, Time:820ms, TotalError:0.026765468, ErrorChange:-2.7685054E-4
Iteration:113, Time:761ms, TotalError:0.02649131, ErrorChange:-2.7415715E-4
Iteration:114, Time:714ms, TotalError:0.02622444, ErrorChange:-2.6687048E-4
Iteration:115, Time:719ms, TotalError:0.025967175, ErrorChange:-2.5726482E-4
Iteration:116, Time:716ms, TotalError:0.025715731, ErrorChange:-2.5144406E-4
Iteration:117, Time:718ms, TotalError:0.025475524, ErrorChange:-2.4020672E-4
Iteration:118, Time:712ms, TotalError:0.025240086, ErrorChange:-2.3543835E-4
Iteration:119, Time:721ms, TotalError:0.025007214, ErrorChange:-2.3287162E-4
Iteration:120, Time:725ms, TotalError:0.024782175, ErrorChange:-2.250392E-4
Iteration:121, Time:735ms, TotalError:0.024565212, ErrorChange:-2.1696277E-4
Iteration:122, Time:726ms, TotalError:0.024348052, ErrorChange:-2.1716021E-4
Iteration:123, Time:738ms, TotalError:0.024140017, ErrorChange:-2.0803511E-4
Iteration:124, Time:716ms, TotalError:0.023935996, ErrorChange:-2.0402111E-4
Iteration:125, Time:746ms, TotalError:0.023736041, ErrorChange:-1.9995496E-4
Iteration:126, Time:860ms, TotalError:0.023541022, ErrorChange:-1.9501895E-4
Iteration:127, Time:737ms, TotalError:0.023350172, ErrorChange:-1.9085035E-4
Iteration:128, Time:728ms, TotalError:0.023162628, ErrorChange:-1.8754415E-4
Iteration:129, Time:836ms, TotalError:0.022980068, ErrorChange:-1.8255971E-4
Iteration:130, Time:711ms, TotalError:0.02280305, ErrorChange:-1.7701834E-4
Iteration:131, Time:719ms, TotalError:0.022626985, ErrorChange:-1.7606467E-4
Iteration:132, Time:716ms, TotalError:0.022454875, ErrorChange:-1.7211027E-4
Iteration:133, Time:735ms, TotalError:0.022288091, ErrorChange:-1.6678311E-4
Iteration:134, Time:736ms, TotalError:0.022123687, ErrorChange:-1.6440451E-4
Iteration:135, Time:735ms, TotalError:0.021962004, ErrorChange:-1.6168319E-4
Iteration:136, Time:742ms, TotalError:0.021804474, ErrorChange:-1.5752949E-4
Iteration:137, Time:734ms, TotalError:0.0216497, ErrorChange:-1.5477464E-4
Iteration:138, Time:731ms, TotalError:0.021496613, ErrorChange:-1.5308708E-4
Iteration:139, Time:727ms, TotalError:0.021348504, ErrorChange:-1.4810823E-4
Iteration:140, Time:737ms, TotalError:0.021201834, ErrorChange:-1.4667027E-4
Iteration:141, Time:770ms, TotalError:0.021057913, ErrorChange:-1.43921E-4
Iteration:142, Time:720ms, TotalError:0.020917036, ErrorChange:-1.4087744E-4
Iteration:143, Time:716ms, TotalError:0.02077936, ErrorChange:-1.3767555E-4
Iteration:144, Time:791ms, TotalError:0.020641597, ErrorChange:-1.377631E-4
Iteration:145, Time:761ms, TotalError:0.02050855, ErrorChange:-1.3304688E-4
Iteration:146, Time:757ms, TotalError:0.020377072, ErrorChange:-1.3147853E-4
Iteration:147, Time:731ms, TotalError:0.02024746, ErrorChange:-1.2961216E-4
Iteration:148, Time:723ms, TotalError:0.02012028, ErrorChange:-1.2717955E-4
Iteration:149, Time:724ms, TotalError:0.019996623, ErrorChange:-1.2365729E-4
Total Training Time: 111140ms
