Training convolutional network with MNIST data set
Loading images...
Loaded 200 images
Creating neural network...
Training neural network
Iteration:1, Time:1558ms, TotalError:2.3224602, ErrorChange:2.3224602
Iteration:2, Time:1425ms, TotalError:2.215846, ErrorChange:-0.10661411
Iteration:3, Time:1431ms, TotalError:2.0994163, ErrorChange:-0.116429806
Iteration:4, Time:1414ms, TotalError:1.941814, ErrorChange:-0.15760231
Iteration:5, Time:1429ms, TotalError:1.701314, ErrorChange:-0.24049997
Iteration:6, Time:1420ms, TotalError:1.4032344, ErrorChange:-0.2980796
Iteration:7, Time:1424ms, TotalError:1.1779697, ErrorChange:-0.22526467
Iteration:8, Time:1412ms, TotalError:1.0098647, ErrorChange:-0.168105
Iteration:9, Time:1432ms, TotalError:0.90565383, ErrorChange:-0.10421085
Iteration:10, Time:1434ms, TotalError:0.84115636, ErrorChange:-0.06449747
Iteration:11, Time:1426ms, TotalError:0.77088875, ErrorChange:-0.07026762
Iteration:12, Time:1414ms, TotalError:0.6751698, ErrorChange:-0.09571892
Iteration:1, Time:65ms, TotalError:0.3051439, ErrorChange:0.3051439
Iteration:2, Time:0ms, TotalError:0.29090828, ErrorChange:-0.014235616
Iteration:3, Time:0ms, TotalError:0.2818476, ErrorChange:-0.009060681
Iteration:4, Time:0ms, TotalError:0.27620336, ErrorChange:-0.005644232
Iteration:5, Time:1ms, TotalError:0.27264643, ErrorChange:-0.003556937
Iteration:6, Time:0ms, TotalError:0.2702471, ErrorChange:-0.0023993254
Iteration:7, Time:0ms, TotalError:0.26845554, ErrorChange:-0.0017915666
Iteration:8, Time:0ms, TotalError:0.2669853, ErrorChange:-0.001470238
Iteration:9, Time:0ms, TotalError:0.2656886, ErrorChange:-0.001296699
Iteration:10, Time:0ms, TotalError:0.2644824, ErrorChange:-0.0012061894
Iteration:11, Time:5ms, TotalError:0.2633133, ErrorChange:-0.0011691153
Iteration:12, Time:0ms, TotalError:0.2621435, ErrorChange:-0.0011698008
Iteration:13, Time:0ms, TotalError:0.2609442, ErrorChange:-0.001199305
Iteration:14, Time:0ms, TotalError:0.25969303, ErrorChange:-0.0012511611
Iteration:15, Time:0ms, TotalError:0.25837228, ErrorChange:-0.0013207495
Iteration:16, Time:0ms, TotalError:0.25696823, ErrorChange:-0.001404047
Iteration:17, Time:0ms, TotalError:0.25547022, ErrorChange:-0.0014980137
Iteration:18, Time:0ms, TotalError:0.25387067, ErrorChange:-0.0015995502
Iteration:19, Time:0ms, TotalError:0.25216448, ErrorChange:-0.001706183
Iteration:20, Time:0ms, TotalError:0.25034913, ErrorChange:-0.0018153489
Iteration:21, Time:1ms, TotalError:0.24842459, ErrorChange:-0.0019245446
Iteration:22, Time:0ms, TotalError:0.24639302, ErrorChange:-0.0020315647
Iteration:23, Time:0ms, TotalError:0.24425903, ErrorChange:-0.0021339953
Iteration:24, Time:0ms, TotalError:0.24202928, ErrorChange:-0.0022297502
Iteration:25, Time:0ms, TotalError:0.23971207, ErrorChange:-0.002317205
Iteration:26, Time:0ms, TotalError:0.23731717, ErrorChange:-0.0023948997
Iteration:27, Time:0ms, TotalError:0.23485535, ErrorChange:-0.0024618208
Iteration:28, Time:0ms, TotalError:0.23233746, ErrorChange:-0.002517894
Iteration:29, Time:0ms, TotalError:0.22977427, ErrorChange:-0.0025631934
Iteration:30, Time:0ms, TotalError:0.22717553, ErrorChange:-0.0025987327
Iteration:31, Time:1ms, TotalError:0.22454968, ErrorChange:-0.0026258528
Iteration:32, Time:0ms, TotalError:0.22190309, ErrorChange:-0.0026465952
Iteration:33, Time:0ms, TotalError:0.21923976, ErrorChange:-0.0026633292
Iteration:34, Time:0ms, TotalError:0.21656129, ErrorChange:-0.0026784688
Iteration:35, Time:0ms, TotalError:0.21386649, ErrorChange:-0.0026948005
Iteration:36, Time:0ms, TotalError:0.21115145, ErrorChange:-0.0027150363
Iteration:37, Time:0ms, TotalError:0.20840949, ErrorChange:-0.0027419627
Iteration:38, Time:0ms, TotalError:0.20563152, ErrorChange:-0.0027779639
Iteration:39, Time:0ms, TotalError:0.20280612, ErrorChange:-0.0028254092
Iteration:40, Time:0ms, TotalError:0.19991961, ErrorChange:-0.002886504
Iteration:41, Time:0ms, TotalError:0.19695652, ErrorChange:-0.002963096
Iteration:42, Time:0ms, TotalError:0.19389954, ErrorChange:-0.0030569732
Iteration:43, Time:0ms, TotalError:0.19073027, ErrorChange:-0.0031692684
Iteration:44, Time:0ms, TotalError:0.18742898, ErrorChange:-0.0033012927
Iteration:45, Time:0ms, TotalError:0.18397534, ErrorChange:-0.0034536421
Iteration:46, Time:0ms, TotalError:0.18034887, ErrorChange:-0.0036264658
Iteration:47, Time:1ms, TotalError:0.17652923, ErrorChange:-0.0038196445
Iteration:48, Time:0ms, TotalError:0.17249735, ErrorChange:-0.0040318817
Iteration:49, Time:0ms, TotalError:0.16823608, ErrorChange:-0.00426127
Iteration:50, Time:0ms, TotalError:0.1637315, ErrorChange:-0.0045045763
Iteration:51, Time:0ms, TotalError:0.15897408, ErrorChange:-0.004757419
Iteration:52, Time:0ms, TotalError:0.15396048, ErrorChange:-0.0050136
Iteration:53, Time:0ms, TotalError:0.14869487, ErrorChange:-0.0052656084
Iteration:54, Time:1ms, TotalError:0.14319046, ErrorChange:-0.0055044144
Iteration:55, Time:0ms, TotalError:0.13747074, ErrorChange:-0.0057197213
Iteration:56, Time:0ms, TotalError:0.13156965, ErrorChange:-0.0059010834
Iteration:57, Time:0ms, TotalError:0.12553163, ErrorChange:-0.006038025
Iteration:58, Time:0ms, TotalError:0.11940985, ErrorChange:-0.006121777
Iteration:59, Time:0ms, TotalError:0.11326374, ErrorChange:-0.0061461106
Iteration:60, Time:0ms, TotalError:0.107156105, ErrorChange:-0.006107636
Iteration:61, Time:0ms, TotalError:0.10114877, ErrorChange:-0.006007336
Iteration:62, Time:0ms, TotalError:0.09529951, ErrorChange:-0.005849257
Iteration:63, Time:0ms, TotalError:0.08965838, ErrorChange:-0.0056411326
Iteration:64, Time:0ms, TotalError:0.08426583, ErrorChange:-0.0053925514
Iteration:65, Time:0ms, TotalError:0.07915153, ErrorChange:-0.0051142946
Iteration:66, Time:0ms, TotalError:0.07433441, ErrorChange:-0.0048171207
Iteration:67, Time:0ms, TotalError:0.06982331, ErrorChange:-0.004511103
Iteration:68, Time:0ms, TotalError:0.06561872, ErrorChange:-0.004204586
Iteration:69, Time:0ms, TotalError:0.061714258, ErrorChange:-0.0039044656
Iteration:70, Time:0ms, TotalError:0.058098525, ErrorChange:-0.0036157332
Iteration:71, Time:0ms, TotalError:0.05475672, ErrorChange:-0.0033418052
Iteration:72, Time:0ms, TotalError:0.051671885, ErrorChange:-0.0030848347
Iteration:73, Time:0ms, TotalError:0.048826136, ErrorChange:-0.0028457493
Iteration:74, Time:0ms, TotalError:0.046201322, ErrorChange:-0.0026248135
Iteration:75, Time:0ms, TotalError:0.043779667, ErrorChange:-0.0024216548
Iteration:76, Time:1ms, TotalError:0.04154422, ErrorChange:-0.0022354461
Iteration:77, Time:0ms, TotalError:0.039478943, ErrorChange:-0.0020652786
Iteration:78, Time:0ms, TotalError:0.037568953, ErrorChange:-0.0019099899
Iteration:79, Time:0ms, TotalError:0.03580054, ErrorChange:-0.0017684139
Iteration:80, Time:0ms, TotalError:0.034161128, ErrorChange:-0.0016394109
Iteration:81, Time:0ms, TotalError:0.032639258, ErrorChange:-0.0015218705
Iteration:82, Time:0ms, TotalError:0.031224573, ErrorChange:-0.0014146846
Iteration:83, Time:0ms, TotalError:0.029907629, ErrorChange:-0.0013169441
Iteration:84, Time:0ms, TotalError:0.028679924, ErrorChange:-0.0012277048
Iteration:85, Time:0ms, TotalError:0.02753377, ErrorChange:-0.0011461545
Iteration:86, Time:0ms, TotalError:0.026462235, ErrorChange:-0.001071535
Iteration:87, Time:0ms, TotalError:0.025459036, ErrorChange:-0.0010031983
Iteration:88, Time:0ms, TotalError:0.024518518, ErrorChange:-9.4051845E-4
Iteration:89, Time:0ms, TotalError:0.023635583, ErrorChange:-8.829348E-4
Iteration:90, Time:0ms, TotalError:0.022805575, ErrorChange:-8.300077E-4
Iteration:91, Time:0ms, TotalError:0.022024324, ErrorChange:-7.812511E-4
Iteration:92, Time:1ms, TotalError:0.02128803, ErrorChange:-7.362943E-4
Iteration:93, Time:0ms, TotalError:0.020593237, ErrorChange:-6.947927E-4
Iteration:94, Time:0ms, TotalError:0.019936848, ErrorChange:-6.563887E-4
Iteration:95, Time:0ms, TotalError:0.01931602, ErrorChange:-6.2082894E-4
Iteration:96, Time:0ms, TotalError:0.018728126, ErrorChange:-5.8789365E-4
Iteration:97, Time:0ms, TotalError:0.018170852, ErrorChange:-5.572736E-4
Iteration:98, Time:0ms, TotalError:0.017642029, ErrorChange:-5.288236E-4
Iteration:99, Time:0ms, TotalError:0.017139677, ErrorChange:-5.023517E-4
Iteration:100, Time:0ms, TotalError:0.01666201, ErrorChange:-4.7766604E-4
Iteration:101, Time:0ms, TotalError:0.016207378, ErrorChange:-4.5463257E-4
Iteration:102, Time:0ms, TotalError:0.015774243, ErrorChange:-4.3313578E-4
Iteration:103, Time:0ms, TotalError:0.015361228, ErrorChange:-4.1301455E-4
Iteration:104, Time:0ms, TotalError:0.01496707, ErrorChange:-3.9415807E-4
Iteration:105, Time:0ms, TotalError:0.014590567, ErrorChange:-3.7650298E-4
Iteration:106, Time:0ms, TotalError:0.014230628, ErrorChange:-3.599394E-4
Iteration:107, Time:0ms, TotalError:0.013886265, ErrorChange:-3.443621E-4
Iteration:108, Time:0ms, TotalError:0.013556538, ErrorChange:-3.297273E-4
Iteration:109, Time:0ms, TotalError:0.0132405935, ErrorChange:-3.1594466E-4
Iteration:110, Time:0ms, TotalError:0.012937615, ErrorChange:-3.029788E-4
Iteration:111, Time:0ms, TotalError:0.012646899, ErrorChange:-2.9071607E-4
Iteration:112, Time:0ms, TotalError:0.012367736, ErrorChange:-2.79163E-4
Iteration:113, Time:1ms, TotalError:0.01209948, ErrorChange:-2.6825536E-4
Iteration:114, Time:0ms, TotalError:0.011841571, ErrorChange:-2.579093E-4
Iteration:115, Time:0ms, TotalError:0.011593416, ErrorChange:-2.4815463E-4
Iteration:116, Time:0ms, TotalError:0.011354515, ErrorChange:-2.38901E-4
Iteration:117, Time:0ms, TotalError:0.011124392, ErrorChange:-2.3012329E-4
Iteration:118, Time:0ms, TotalError:0.010902603, ErrorChange:-2.2178888E-4
Iteration:119, Time:0ms, TotalError:0.010688699, ErrorChange:-2.139043E-4
Iteration:120, Time:0ms, TotalError:0.010482316, ErrorChange:-2.0638295E-4
Iteration:121, Time:0ms, TotalError:0.010283062, ErrorChange:-1.9925367E-4
Iteration:122, Time:0ms, TotalError:0.010090604, ErrorChange:-1.9245781E-4
Iteration:123, Time:0ms, TotalError:0.009904616, ErrorChange:-1.8598884E-4
Total Training Time: 112ms
Iteration:1, Time:50ms, TotalError:0.3051439, ErrorChange:0.3051439
Iteration:2, Time:0ms, TotalError:0.29090828, ErrorChange:-0.014235616
Iteration:3, Time:0ms, TotalError:0.2818476, ErrorChange:-0.009060681
Iteration:4, Time:0ms, TotalError:0.27620336, ErrorChange:-0.005644232
Iteration:5, Time:0ms, TotalError:0.27264643, ErrorChange:-0.003556937
Iteration:6, Time:0ms, TotalError:0.2702471, ErrorChange:-0.0023993254
Iteration:7, Time:0ms, TotalError:0.26845554, ErrorChange:-0.0017915666
Iteration:8, Time:1ms, TotalError:0.2669853, ErrorChange:-0.001470238
Iteration:9, Time:0ms, TotalError:0.2656886, ErrorChange:-0.001296699
Iteration:10, Time:0ms, TotalError:0.2644824, ErrorChange:-0.0012061894
Iteration:11, Time:4ms, TotalError:0.2633133, ErrorChange:-0.0011691153
Iteration:12, Time:0ms, TotalError:0.2621435, ErrorChange:-0.0011698008
Iteration:13, Time:0ms, TotalError:0.2609442, ErrorChange:-0.001199305
Iteration:14, Time:0ms, TotalError:0.25969303, ErrorChange:-0.0012511611
Iteration:15, Time:0ms, TotalError:0.25837228, ErrorChange:-0.0013207495
Iteration:16, Time:0ms, TotalError:0.25696823, ErrorChange:-0.001404047
Iteration:17, Time:0ms, TotalError:0.25547022, ErrorChange:-0.0014980137
Iteration:18, Time:0ms, TotalError:0.25387067, ErrorChange:-0.0015995502
Iteration:19, Time:0ms, TotalError:0.25216448, ErrorChange:-0.001706183
Iteration:20, Time:0ms, TotalError:0.25034913, ErrorChange:-0.0018153489
Iteration:21, Time:0ms, TotalError:0.24842459, ErrorChange:-0.0019245446
Iteration:22, Time:0ms, TotalError:0.24639302, ErrorChange:-0.0020315647
Iteration:23, Time:1ms, TotalError:0.24425903, ErrorChange:-0.0021339953
Iteration:24, Time:0ms, TotalError:0.24202928, ErrorChange:-0.0022297502
Iteration:25, Time:0ms, TotalError:0.23971207, ErrorChange:-0.002317205
Iteration:26, Time:0ms, TotalError:0.23731717, ErrorChange:-0.0023948997
Iteration:27, Time:1ms, TotalError:0.23485535, ErrorChange:-0.0024618208
Iteration:28, Time:0ms, TotalError:0.23233746, ErrorChange:-0.002517894
Iteration:29, Time:0ms, TotalError:0.22977427, ErrorChange:-0.0025631934
Iteration:30, Time:1ms, TotalError:0.22717553, ErrorChange:-0.0025987327
Iteration:31, Time:0ms, TotalError:0.22454968, ErrorChange:-0.0026258528
Iteration:32, Time:0ms, TotalError:0.22190309, ErrorChange:-0.0026465952
Iteration:33, Time:0ms, TotalError:0.21923976, ErrorChange:-0.0026633292
Iteration:34, Time:0ms, TotalError:0.21656129, ErrorChange:-0.0026784688
Iteration:35, Time:1ms, TotalError:0.21386649, ErrorChange:-0.0026948005
Iteration:36, Time:0ms, TotalError:0.21115145, ErrorChange:-0.0027150363
Iteration:37, Time:0ms, TotalError:0.20840949, ErrorChange:-0.0027419627
Iteration:38, Time:1ms, TotalError:0.20563152, ErrorChange:-0.0027779639
Iteration:39, Time:0ms, TotalError:0.20280612, ErrorChange:-0.0028254092
Iteration:40, Time:0ms, TotalError:0.19991961, ErrorChange:-0.002886504
Iteration:41, Time:0ms, TotalError:0.19695652, ErrorChange:-0.002963096
Iteration:42, Time:0ms, TotalError:0.19389954, ErrorChange:-0.0030569732
Iteration:43, Time:0ms, TotalError:0.19073027, ErrorChange:-0.0031692684
Iteration:44, Time:0ms, TotalError:0.18742898, ErrorChange:-0.0033012927
Iteration:45, Time:1ms, TotalError:0.18397534, ErrorChange:-0.0034536421
Iteration:46, Time:0ms, TotalError:0.18034887, ErrorChange:-0.0036264658
Iteration:47, Time:0ms, TotalError:0.17652923, ErrorChange:-0.0038196445
Iteration:48, Time:0ms, TotalError:0.17249735, ErrorChange:-0.0040318817
Iteration:49, Time:0ms, TotalError:0.16823608, ErrorChange:-0.00426127
Iteration:50, Time:0ms, TotalError:0.1637315, ErrorChange:-0.0045045763
Iteration:51, Time:0ms, TotalError:0.15897408, ErrorChange:-0.004757419
Iteration:52, Time:0ms, TotalError:0.15396048, ErrorChange:-0.0050136
Iteration:53, Time:0ms, TotalError:0.14869487, ErrorChange:-0.0052656084
Iteration:54, Time:0ms, TotalError:0.14319046, ErrorChange:-0.0055044144
Iteration:55, Time:0ms, TotalError:0.13747074, ErrorChange:-0.0057197213
Iteration:56, Time:0ms, TotalError:0.13156965, ErrorChange:-0.0059010834
Iteration:57, Time:0ms, TotalError:0.12553163, ErrorChange:-0.006038025
Iteration:58, Time:0ms, TotalError:0.11940985, ErrorChange:-0.006121777
Iteration:59, Time:0ms, TotalError:0.11326374, ErrorChange:-0.0061461106
Iteration:60, Time:0ms, TotalError:0.107156105, ErrorChange:-0.006107636
Iteration:61, Time:0ms, TotalError:0.10114877, ErrorChange:-0.006007336
Iteration:62, Time:0ms, TotalError:0.09529951, ErrorChange:-0.005849257
Iteration:63, Time:0ms, TotalError:0.08965838, ErrorChange:-0.0056411326
Iteration:64, Time:0ms, TotalError:0.08426583, ErrorChange:-0.0053925514
Iteration:65, Time:0ms, TotalError:0.07915153, ErrorChange:-0.0051142946
Iteration:66, Time:0ms, TotalError:0.07433441, ErrorChange:-0.0048171207
Iteration:67, Time:0ms, TotalError:0.06982331, ErrorChange:-0.004511103
Iteration:68, Time:1ms, TotalError:0.06561872, ErrorChange:-0.004204586
Iteration:69, Time:0ms, TotalError:0.061714258, ErrorChange:-0.0039044656
Iteration:70, Time:0ms, TotalError:0.058098525, ErrorChange:-0.0036157332
Iteration:71, Time:0ms, TotalError:0.05475672, ErrorChange:-0.0033418052
Iteration:72, Time:0ms, TotalError:0.051671885, ErrorChange:-0.0030848347
Iteration:73, Time:0ms, TotalError:0.048826136, ErrorChange:-0.0028457493
Iteration:74, Time:0ms, TotalError:0.046201322, ErrorChange:-0.0026248135
Iteration:75, Time:0ms, TotalError:0.043779667, ErrorChange:-0.0024216548
Iteration:76, Time:0ms, TotalError:0.04154422, ErrorChange:-0.0022354461
Iteration:77, Time:0ms, TotalError:0.039478943, ErrorChange:-0.0020652786
Iteration:78, Time:0ms, TotalError:0.037568953, ErrorChange:-0.0019099899
Iteration:79, Time:0ms, TotalError:0.03580054, ErrorChange:-0.0017684139
Iteration:80, Time:0ms, TotalError:0.034161128, ErrorChange:-0.0016394109
Iteration:81, Time:0ms, TotalError:0.032639258, ErrorChange:-0.0015218705
Iteration:82, Time:0ms, TotalError:0.031224573, ErrorChange:-0.0014146846
Iteration:83, Time:0ms, TotalError:0.029907629, ErrorChange:-0.0013169441
Iteration:84, Time:0ms, TotalError:0.028679924, ErrorChange:-0.0012277048
Iteration:85, Time:0ms, TotalError:0.02753377, ErrorChange:-0.0011461545
Iteration:86, Time:0ms, TotalError:0.026462235, ErrorChange:-0.001071535
Iteration:87, Time:0ms, TotalError:0.025459036, ErrorChange:-0.0010031983
Iteration:88, Time:0ms, TotalError:0.024518518, ErrorChange:-9.4051845E-4
Iteration:89, Time:0ms, TotalError:0.023635583, ErrorChange:-8.829348E-4
Iteration:90, Time:0ms, TotalError:0.022805575, ErrorChange:-8.300077E-4
Iteration:91, Time:0ms, TotalError:0.022024324, ErrorChange:-7.812511E-4
Iteration:92, Time:0ms, TotalError:0.02128803, ErrorChange:-7.362943E-4
Iteration:93, Time:0ms, TotalError:0.020593237, ErrorChange:-6.947927E-4
Iteration:94, Time:0ms, TotalError:0.019936848, ErrorChange:-6.563887E-4
Iteration:95, Time:0ms, TotalError:0.01931602, ErrorChange:-6.2082894E-4
Iteration:96, Time:0ms, TotalError:0.018728126, ErrorChange:-5.8789365E-4
Iteration:97, Time:0ms, TotalError:0.018170852, ErrorChange:-5.572736E-4
Iteration:98, Time:0ms, TotalError:0.017642029, ErrorChange:-5.288236E-4
Iteration:99, Time:0ms, TotalError:0.017139677, ErrorChange:-5.023517E-4
Iteration:100, Time:0ms, TotalError:0.01666201, ErrorChange:-4.7766604E-4
Iteration:101, Time:0ms, TotalError:0.016207378, ErrorChange:-4.5463257E-4
Iteration:102, Time:0ms, TotalError:0.015774243, ErrorChange:-4.3313578E-4
Iteration:103, Time:0ms, TotalError:0.015361228, ErrorChange:-4.1301455E-4
Iteration:104, Time:0ms, TotalError:0.01496707, ErrorChange:-3.9415807E-4
Iteration:105, Time:0ms, TotalError:0.014590567, ErrorChange:-3.7650298E-4
Iteration:106, Time:0ms, TotalError:0.014230628, ErrorChange:-3.599394E-4
Iteration:107, Time:0ms, TotalError:0.013886265, ErrorChange:-3.443621E-4
Iteration:108, Time:0ms, TotalError:0.013556538, ErrorChange:-3.297273E-4
Iteration:109, Time:0ms, TotalError:0.0132405935, ErrorChange:-3.1594466E-4
Iteration:110, Time:0ms, TotalError:0.012937615, ErrorChange:-3.029788E-4
Iteration:111, Time:0ms, TotalError:0.012646899, ErrorChange:-2.9071607E-4
Iteration:112, Time:1ms, TotalError:0.012367736, ErrorChange:-2.79163E-4
Iteration:113, Time:0ms, TotalError:0.01209948, ErrorChange:-2.6825536E-4
Iteration:114, Time:0ms, TotalError:0.011841571, ErrorChange:-2.579093E-4
Iteration:115, Time:0ms, TotalError:0.011593416, ErrorChange:-2.4815463E-4
Iteration:116, Time:0ms, TotalError:0.011354515, ErrorChange:-2.38901E-4
Iteration:117, Time:0ms, TotalError:0.011124392, ErrorChange:-2.3012329E-4
Iteration:118, Time:0ms, TotalError:0.010902603, ErrorChange:-2.2178888E-4
Iteration:119, Time:0ms, TotalError:0.010688699, ErrorChange:-2.139043E-4
Iteration:120, Time:0ms, TotalError:0.010482316, ErrorChange:-2.0638295E-4
Iteration:121, Time:0ms, TotalError:0.010283062, ErrorChange:-1.9925367E-4
Iteration:122, Time:0ms, TotalError:0.010090604, ErrorChange:-1.9245781E-4
Iteration:123, Time:0ms, TotalError:0.009904616, ErrorChange:-1.8598884E-4
Total Training Time: 91ms
Iteration:1, Time:81ms, TotalError:0.27832374, ErrorChange:0.27832374
Iteration:2, Time:6ms, TotalError:0.35172483, ErrorChange:0.07340109
Iteration:3, Time:6ms, TotalError:0.35142452, ErrorChange:-3.00318E-4
Iteration:4, Time:20ms, TotalError:0.34990057, ErrorChange:-0.0015239418
Iteration:5, Time:21ms, TotalError:0.34931678, ErrorChange:-5.837977E-4
Iteration:6, Time:20ms, TotalError:0.3496401, ErrorChange:3.233254E-4
Iteration:7, Time:19ms, TotalError:0.3504609, ErrorChange:8.2078576E-4
Iteration:8, Time:18ms, TotalError:0.3513933, ErrorChange:9.3242526E-4
Iteration:9, Time:2ms, TotalError:0.3522123, ErrorChange:8.189976E-4
Iteration:10, Time:1ms, TotalError:0.3530684, ErrorChange:8.561015E-4
Iteration:11, Time:6ms, TotalError:0.3542413, ErrorChange:0.0011729002
Iteration:12, Time:1ms, TotalError:0.35570014, ErrorChange:0.0014588237
Iteration:13, Time:2ms, TotalError:0.35711575, ErrorChange:0.0014156103
Iteration:14, Time:2ms, TotalError:0.35817382, ErrorChange:0.0010580719
Iteration:15, Time:1ms, TotalError:0.35876906, ErrorChange:5.952418E-4
Iteration:16, Time:2ms, TotalError:0.35908782, ErrorChange:3.1876564E-4
Iteration:17, Time:1ms, TotalError:0.35948256, ErrorChange:3.9473176E-4
Iteration:18, Time:2ms, TotalError:0.3601065, ErrorChange:6.239414E-4
Iteration:19, Time:2ms, TotalError:0.36090446, ErrorChange:7.979572E-4
Iteration:20, Time:1ms, TotalError:0.3618225, ErrorChange:9.1803074E-4
Iteration:21, Time:2ms, TotalError:0.36284503, ErrorChange:0.0010225475
Iteration:22, Time:2ms, TotalError:0.3639225, ErrorChange:0.0010774732
Iteration:23, Time:1ms, TotalError:0.36489677, ErrorChange:9.742677E-4
Iteration:24, Time:2ms, TotalError:0.3654274, ErrorChange:5.3063035E-4
Iteration:25, Time:2ms, TotalError:0.36488214, ErrorChange:-5.452633E-4
Iteration:26, Time:1ms, TotalError:0.36215016, ErrorChange:-0.002731979
Iteration:27, Time:1ms, TotalError:0.3552758, ErrorChange:-0.0068743527
Iteration:28, Time:2ms, TotalError:0.34170437, ErrorChange:-0.013571441
Iteration:29, Time:1ms, TotalError:0.3236183, ErrorChange:-0.018086076
Iteration:30, Time:2ms, TotalError:0.31136367, ErrorChange:-0.012254626
Iteration:31, Time:2ms, TotalError:0.30571654, ErrorChange:-0.005647123
Iteration:32, Time:2ms, TotalError:0.28865573, ErrorChange:-0.017060816
Iteration:33, Time:1ms, TotalError:0.28809753, ErrorChange:-5.581975E-4
Iteration:34, Time:1ms, TotalError:0.2901921, ErrorChange:0.0020945668
Iteration:35, Time:2ms, TotalError:0.29769707, ErrorChange:0.00750497
Iteration:36, Time:1ms, TotalError:0.28565475, ErrorChange:-0.012042314
Iteration:37, Time:1ms, TotalError:0.26305056, ErrorChange:-0.022604197
Iteration:38, Time:1ms, TotalError:0.23027016, ErrorChange:-0.032780394
Iteration:39, Time:2ms, TotalError:0.19066814, ErrorChange:-0.039602026
Iteration:40, Time:1ms, TotalError:0.15370594, ErrorChange:-0.036962196
Iteration:41, Time:1ms, TotalError:0.119632326, ErrorChange:-0.034073614
Iteration:42, Time:2ms, TotalError:0.091602065, ErrorChange:-0.028030261
Iteration:43, Time:2ms, TotalError:0.07040475, ErrorChange:-0.021197312
Iteration:44, Time:2ms, TotalError:0.056715813, ErrorChange:-0.013688941
Iteration:45, Time:2ms, TotalError:0.047351073, ErrorChange:-0.009364739
Iteration:46, Time:2ms, TotalError:0.04032033, ErrorChange:-0.007030744
Iteration:47, Time:1ms, TotalError:0.034428347, ErrorChange:-0.0058919825
Iteration:48, Time:2ms, TotalError:0.029412871, ErrorChange:-0.0050154757
Iteration:49, Time:1ms, TotalError:0.025755959, ErrorChange:-0.0036569126
Iteration:50, Time:1ms, TotalError:0.023824492, ErrorChange:-0.0019314662
Iteration:51, Time:2ms, TotalError:0.021465424, ErrorChange:-0.002359068
Iteration:52, Time:1ms, TotalError:0.022641778, ErrorChange:0.0011763535
Iteration:53, Time:2ms, TotalError:0.015204475, ErrorChange:-0.0074373027
Iteration:54, Time:1ms, TotalError:0.023041282, ErrorChange:0.007836807
Iteration:55, Time:2ms, TotalError:0.020970566, ErrorChange:-0.0020707157
Iteration:56, Time:1ms, TotalError:0.011504822, ErrorChange:-0.009465744
Iteration:57, Time:2ms, TotalError:0.010309651, ErrorChange:-0.0011951718
Iteration:58, Time:1ms, TotalError:0.008997067, ErrorChange:-0.0013125837
Total Training Time: 289ms
Iteration:1, Time:87ms, TotalError:0.59564865, ErrorChange:0.59564865
Iteration:2, Time:8ms, TotalError:0.73795366, ErrorChange:0.14230502
Iteration:3, Time:9ms, TotalError:0.63881886, ErrorChange:-0.0991348
Iteration:4, Time:9ms, TotalError:0.49951008, ErrorChange:-0.13930878
Iteration:5, Time:8ms, TotalError:0.3753657, ErrorChange:-0.124144375
Iteration:6, Time:6ms, TotalError:0.2995471, ErrorChange:-0.0758186
Iteration:7, Time:4ms, TotalError:0.2558481, ErrorChange:-0.043698996
Iteration:8, Time:4ms, TotalError:0.21333389, ErrorChange:-0.04251422
Iteration:9, Time:4ms, TotalError:0.17180772, ErrorChange:-0.04152617
Iteration:10, Time:4ms, TotalError:0.14063007, ErrorChange:-0.031177655
Iteration:11, Time:7ms, TotalError:0.12032153, ErrorChange:-0.02030854
Iteration:12, Time:1ms, TotalError:0.10687335, ErrorChange:-0.013448179
Iteration:13, Time:1ms, TotalError:0.097152665, ErrorChange:-0.009720683
Iteration:14, Time:1ms, TotalError:0.08948365, ErrorChange:-0.0076690167
Iteration:15, Time:1ms, TotalError:0.082945004, ErrorChange:-0.0065386444
Iteration:16, Time:1ms, TotalError:0.077139325, ErrorChange:-0.0058056787
Iteration:17, Time:1ms, TotalError:0.07191973, ErrorChange:-0.0052195936
Iteration:18, Time:1ms, TotalError:0.06722882, ErrorChange:-0.0046909153
Iteration:19, Time:1ms, TotalError:0.06302625, ErrorChange:-0.004202567
Iteration:20, Time:1ms, TotalError:0.059268314, ErrorChange:-0.003757935
Iteration:21, Time:1ms, TotalError:0.05590742, ErrorChange:-0.0033608936
Iteration:22, Time:1ms, TotalError:0.05289706, ErrorChange:-0.0030103624
Iteration:23, Time:1ms, TotalError:0.05019707, ErrorChange:-0.0026999898
Iteration:24, Time:2ms, TotalError:0.047775738, ErrorChange:-0.0024213307
Iteration:25, Time:1ms, TotalError:0.0456088, ErrorChange:-0.002166938
Iteration:26, Time:1ms, TotalError:0.04367783, ErrorChange:-0.0019309707
Iteration:27, Time:1ms, TotalError:0.041968904, ErrorChange:-0.0017089248
Iteration:28, Time:1ms, TotalError:0.04047194, ErrorChange:-0.0014969632
Iteration:29, Time:1ms, TotalError:0.039178476, ErrorChange:-0.0012934655
Iteration:30, Time:2ms, TotalError:0.038069617, ErrorChange:-0.0011088587
Iteration:31, Time:2ms, TotalError:0.037104733, ErrorChange:-9.648837E-4
Iteration:32, Time:2ms, TotalError:0.03623163, ErrorChange:-8.7310374E-4
Iteration:33, Time:2ms, TotalError:0.035408314, ErrorChange:-8.2331523E-4
Iteration:34, Time:1ms, TotalError:0.034612488, ErrorChange:-7.958263E-4
Iteration:35, Time:1ms, TotalError:0.033835966, ErrorChange:-7.7652186E-4
Iteration:36, Time:1ms, TotalError:0.03307909, ErrorChange:-7.568747E-4
Iteration:37, Time:2ms, TotalError:0.03234884, ErrorChange:-7.3025003E-4
Iteration:38, Time:2ms, TotalError:0.03165522, ErrorChange:-6.93623E-4
Iteration:39, Time:2ms, TotalError:0.031007942, ErrorChange:-6.4727664E-4
Iteration:40, Time:2ms, TotalError:0.030413074, ErrorChange:-5.948674E-4
Iteration:41, Time:2ms, TotalError:0.02986468, ErrorChange:-5.483944E-4
Iteration:42, Time:2ms, TotalError:0.02934737, ErrorChange:-5.173106E-4
Iteration:43, Time:2ms, TotalError:0.028852306, ErrorChange:-4.9506314E-4
Iteration:44, Time:1ms, TotalError:0.028393997, ErrorChange:-4.5830943E-4
Iteration:45, Time:2ms, TotalError:0.027991354, ErrorChange:-4.026424E-4
Iteration:46, Time:1ms, TotalError:0.027623896, ErrorChange:-3.674589E-4
Iteration:47, Time:1ms, TotalError:0.027253818, ErrorChange:-3.700778E-4
Iteration:48, Time:1ms, TotalError:0.0267989, ErrorChange:-4.5491755E-4
Iteration:49, Time:1ms, TotalError:0.02694251, ErrorChange:1.4360994E-4
Iteration:50, Time:1ms, TotalError:0.0268256, ErrorChange:-1.16910785E-4
Iteration:51, Time:1ms, TotalError:0.02626141, ErrorChange:-5.641896E-4
Iteration:52, Time:1ms, TotalError:0.025632637, ErrorChange:-6.287731E-4
Iteration:53, Time:2ms, TotalError:0.024831077, ErrorChange:-8.0155954E-4
Iteration:54, Time:1ms, TotalError:0.024190143, ErrorChange:-6.4093433E-4
Iteration:55, Time:1ms, TotalError:0.023748836, ErrorChange:-4.413072E-4
Iteration:56, Time:2ms, TotalError:0.023515387, ErrorChange:-2.3344904E-4
Iteration:57, Time:1ms, TotalError:0.023991806, ErrorChange:4.7641993E-4
Iteration:58, Time:2ms, TotalError:0.024031281, ErrorChange:3.947504E-5
Iteration:59, Time:2ms, TotalError:0.022391478, ErrorChange:-0.0016398039
Iteration:60, Time:1ms, TotalError:0.042241845, ErrorChange:0.019850368
Iteration:61, Time:1ms, TotalError:0.024745688, ErrorChange:-0.017496157
Iteration:62, Time:1ms, TotalError:0.042026658, ErrorChange:0.01728097
Iteration:63, Time:1ms, TotalError:0.04286662, ErrorChange:8.3996356E-4
Iteration:64, Time:2ms, TotalError:0.03961679, ErrorChange:-0.0032498315
Iteration:65, Time:1ms, TotalError:0.033393085, ErrorChange:-0.0062237047
Iteration:66, Time:1ms, TotalError:0.028953984, ErrorChange:-0.0044391006
Iteration:67, Time:1ms, TotalError:0.030239642, ErrorChange:0.0012856573
Iteration:68, Time:1ms, TotalError:0.04898901, ErrorChange:0.018749367
Iteration:69, Time:1ms, TotalError:0.041281395, ErrorChange:-0.0077076145
Iteration:70, Time:2ms, TotalError:0.03881637, ErrorChange:-0.0024650246
Iteration:71, Time:1ms, TotalError:0.060877204, ErrorChange:0.022060834
Iteration:72, Time:1ms, TotalError:0.0440673, ErrorChange:-0.016809903
Iteration:73, Time:1ms, TotalError:0.043591473, ErrorChange:-4.758276E-4
Iteration:74, Time:1ms, TotalError:0.042104468, ErrorChange:-0.0014870055
Iteration:75, Time:1ms, TotalError:0.020929264, ErrorChange:-0.021175204
Iteration:76, Time:1ms, TotalError:0.046427693, ErrorChange:0.02549843
Iteration:77, Time:1ms, TotalError:0.053184126, ErrorChange:0.0067564324
Iteration:78, Time:1ms, TotalError:0.14863685, ErrorChange:0.095452726
Iteration:79, Time:1ms, TotalError:0.05338711, ErrorChange:-0.09524974
Iteration:80, Time:1ms, TotalError:0.1660662, ErrorChange:0.112679094
Iteration:81, Time:1ms, TotalError:0.054724053, ErrorChange:-0.11134215
Iteration:82, Time:1ms, TotalError:0.026260281, ErrorChange:-0.028463772
Iteration:83, Time:1ms, TotalError:0.03921996, ErrorChange:0.01295968
Iteration:84, Time:1ms, TotalError:0.020379161, ErrorChange:-0.0188408
Iteration:85, Time:1ms, TotalError:0.0503906, ErrorChange:0.03001144
Iteration:86, Time:1ms, TotalError:0.021299124, ErrorChange:-0.029091477
Iteration:87, Time:1ms, TotalError:0.060225416, ErrorChange:0.038926292
Iteration:88, Time:1ms, TotalError:0.057589017, ErrorChange:-0.0026363991
Iteration:89, Time:2ms, TotalError:0.02140708, ErrorChange:-0.036181934
Iteration:90, Time:1ms, TotalError:0.05203522, ErrorChange:0.03062814
Iteration:91, Time:1ms, TotalError:0.2198504, ErrorChange:0.16781518
Iteration:92, Time:1ms, TotalError:0.06579143, ErrorChange:-0.15405898
Iteration:93, Time:1ms, TotalError:0.04408129, ErrorChange:-0.021710139
Iteration:94, Time:1ms, TotalError:0.044723283, ErrorChange:6.419942E-4
Iteration:95, Time:1ms, TotalError:0.03753321, ErrorChange:-0.007190075
Iteration:96, Time:1ms, TotalError:0.16236866, ErrorChange:0.12483545
Iteration:97, Time:2ms, TotalError:0.053320434, ErrorChange:-0.10904822
Iteration:98, Time:1ms, TotalError:0.02296071, ErrorChange:-0.030359725
Iteration:99, Time:1ms, TotalError:0.03981262, ErrorChange:0.016851911
Iteration:100, Time:1ms, TotalError:0.05704124, ErrorChange:0.017228618
Iteration:101, Time:1ms, TotalError:0.030834157, ErrorChange:-0.026207082
Iteration:102, Time:1ms, TotalError:0.036180828, ErrorChange:0.0053466707
Iteration:103, Time:1ms, TotalError:0.0437523, ErrorChange:0.0075714737
Iteration:104, Time:2ms, TotalError:0.05710097, ErrorChange:0.013348669
Iteration:105, Time:1ms, TotalError:0.0649888, ErrorChange:0.007887829
Iteration:106, Time:2ms, TotalError:0.04273115, ErrorChange:-0.022257648
Iteration:107, Time:1ms, TotalError:0.025370816, ErrorChange:-0.017360335
Iteration:108, Time:1ms, TotalError:0.020256372, ErrorChange:-0.0051144436
Iteration:109, Time:1ms, TotalError:0.14869036, ErrorChange:0.12843399
Iteration:110, Time:1ms, TotalError:0.196965, ErrorChange:0.048274636
Iteration:111, Time:1ms, TotalError:0.043457374, ErrorChange:-0.15350762
Iteration:112, Time:1ms, TotalError:0.039747335, ErrorChange:-0.003710039
Iteration:113, Time:1ms, TotalError:0.08518739, ErrorChange:0.045440055
Iteration:114, Time:1ms, TotalError:0.023891313, ErrorChange:-0.061296076
Iteration:115, Time:1ms, TotalError:0.01766089, ErrorChange:-0.006230423
Total Training Time: 311ms
Iteration:1, Time:85ms, TotalError:0.59564865, ErrorChange:0.59564865
Iteration:2, Time:8ms, TotalError:0.73795366, ErrorChange:0.14230502
Iteration:3, Time:8ms, TotalError:0.63881886, ErrorChange:-0.0991348
Iteration:4, Time:9ms, TotalError:0.49951008, ErrorChange:-0.13930878
Iteration:5, Time:9ms, TotalError:0.3753657, ErrorChange:-0.124144375
Iteration:6, Time:9ms, TotalError:0.2995471, ErrorChange:-0.0758186
Iteration:7, Time:8ms, TotalError:0.2558481, ErrorChange:-0.043698996
Iteration:8, Time:4ms, TotalError:0.21333389, ErrorChange:-0.04251422
Iteration:9, Time:4ms, TotalError:0.17180772, ErrorChange:-0.04152617
Iteration:10, Time:3ms, TotalError:0.14063007, ErrorChange:-0.031177655
Iteration:11, Time:8ms, TotalError:0.12032153, ErrorChange:-0.02030854
Iteration:12, Time:2ms, TotalError:0.10687335, ErrorChange:-0.013448179
Iteration:13, Time:2ms, TotalError:0.097152665, ErrorChange:-0.009720683
Iteration:14, Time:3ms, TotalError:0.08948365, ErrorChange:-0.0076690167
Iteration:15, Time:2ms, TotalError:0.082945004, ErrorChange:-0.0065386444
Iteration:16, Time:3ms, TotalError:0.077139325, ErrorChange:-0.0058056787
Iteration:17, Time:2ms, TotalError:0.07191973, ErrorChange:-0.0052195936
Iteration:18, Time:3ms, TotalError:0.06722882, ErrorChange:-0.0046909153
Iteration:19, Time:2ms, TotalError:0.06302625, ErrorChange:-0.004202567
Iteration:20, Time:2ms, TotalError:0.059268314, ErrorChange:-0.003757935
Iteration:21, Time:2ms, TotalError:0.05590742, ErrorChange:-0.0033608936
Iteration:22, Time:2ms, TotalError:0.05289706, ErrorChange:-0.0030103624
Iteration:23, Time:2ms, TotalError:0.05019707, ErrorChange:-0.0026999898
Iteration:24, Time:1ms, TotalError:0.047775738, ErrorChange:-0.0024213307
Iteration:25, Time:1ms, TotalError:0.0456088, ErrorChange:-0.002166938
Iteration:26, Time:2ms, TotalError:0.04367783, ErrorChange:-0.0019309707
Iteration:27, Time:1ms, TotalError:0.041968904, ErrorChange:-0.0017089248
Iteration:28, Time:1ms, TotalError:0.04047194, ErrorChange:-0.0014969632
Iteration:29, Time:2ms, TotalError:0.039178476, ErrorChange:-0.0012934655
Iteration:30, Time:1ms, TotalError:0.038069617, ErrorChange:-0.0011088587
Iteration:31, Time:1ms, TotalError:0.037104733, ErrorChange:-9.648837E-4
Iteration:32, Time:2ms, TotalError:0.03623163, ErrorChange:-8.7310374E-4
Iteration:33, Time:1ms, TotalError:0.035408314, ErrorChange:-8.2331523E-4
Iteration:34, Time:2ms, TotalError:0.034612488, ErrorChange:-7.958263E-4
Iteration:35, Time:1ms, TotalError:0.033835966, ErrorChange:-7.7652186E-4
Iteration:36, Time:1ms, TotalError:0.03307909, ErrorChange:-7.568747E-4
Iteration:37, Time:1ms, TotalError:0.03234884, ErrorChange:-7.3025003E-4
Iteration:38, Time:1ms, TotalError:0.03165522, ErrorChange:-6.93623E-4
Iteration:39, Time:1ms, TotalError:0.031007942, ErrorChange:-6.4727664E-4
Iteration:40, Time:1ms, TotalError:0.030413074, ErrorChange:-5.948674E-4
Iteration:41, Time:2ms, TotalError:0.02986468, ErrorChange:-5.483944E-4
Iteration:42, Time:1ms, TotalError:0.02934737, ErrorChange:-5.173106E-4
Iteration:43, Time:2ms, TotalError:0.028852306, ErrorChange:-4.9506314E-4
Iteration:44, Time:1ms, TotalError:0.028393997, ErrorChange:-4.5830943E-4
Iteration:45, Time:1ms, TotalError:0.027991354, ErrorChange:-4.026424E-4
Iteration:46, Time:1ms, TotalError:0.027623896, ErrorChange:-3.674589E-4
Iteration:47, Time:1ms, TotalError:0.027253818, ErrorChange:-3.700778E-4
Iteration:48, Time:2ms, TotalError:0.0267989, ErrorChange:-4.5491755E-4
Iteration:49, Time:1ms, TotalError:0.02694251, ErrorChange:1.4360994E-4
Iteration:50, Time:1ms, TotalError:0.0268256, ErrorChange:-1.16910785E-4
Iteration:51, Time:1ms, TotalError:0.02626141, ErrorChange:-5.641896E-4
Iteration:52, Time:2ms, TotalError:0.025632637, ErrorChange:-6.287731E-4
Iteration:53, Time:1ms, TotalError:0.024831077, ErrorChange:-8.0155954E-4
Iteration:54, Time:1ms, TotalError:0.024190143, ErrorChange:-6.4093433E-4
Iteration:55, Time:2ms, TotalError:0.023748836, ErrorChange:-4.413072E-4
Iteration:56, Time:2ms, TotalError:0.023515387, ErrorChange:-2.3344904E-4
Iteration:57, Time:2ms, TotalError:0.023991806, ErrorChange:4.7641993E-4
Iteration:58, Time:1ms, TotalError:0.024031281, ErrorChange:3.947504E-5
Iteration:59, Time:1ms, TotalError:0.022391478, ErrorChange:-0.0016398039
Iteration:60, Time:1ms, TotalError:0.042241845, ErrorChange:0.019850368
Iteration:61, Time:1ms, TotalError:0.024745688, ErrorChange:-0.017496157
Iteration:62, Time:1ms, TotalError:0.042026658, ErrorChange:0.01728097
Iteration:63, Time:1ms, TotalError:0.04286662, ErrorChange:8.3996356E-4
Iteration:64, Time:1ms, TotalError:0.03961679, ErrorChange:-0.0032498315
Iteration:65, Time:1ms, TotalError:0.033393085, ErrorChange:-0.0062237047
Iteration:66, Time:1ms, TotalError:0.028953984, ErrorChange:-0.0044391006
Iteration:67, Time:1ms, TotalError:0.030239642, ErrorChange:0.0012856573
Iteration:68, Time:1ms, TotalError:0.04898901, ErrorChange:0.018749367
Iteration:69, Time:1ms, TotalError:0.041281395, ErrorChange:-0.0077076145
Iteration:70, Time:1ms, TotalError:0.03881637, ErrorChange:-0.0024650246
Iteration:71, Time:1ms, TotalError:0.060877204, ErrorChange:0.022060834
Iteration:72, Time:2ms, TotalError:0.0440673, ErrorChange:-0.016809903
Iteration:73, Time:1ms, TotalError:0.043591473, ErrorChange:-4.758276E-4
Iteration:74, Time:1ms, TotalError:0.042104468, ErrorChange:-0.0014870055
Iteration:75, Time:1ms, TotalError:0.020929264, ErrorChange:-0.021175204
Iteration:76, Time:2ms, TotalError:0.046427693, ErrorChange:0.02549843
Iteration:77, Time:1ms, TotalError:0.053184126, ErrorChange:0.0067564324
Iteration:78, Time:1ms, TotalError:0.14863685, ErrorChange:0.095452726
Iteration:79, Time:1ms, TotalError:0.05338711, ErrorChange:-0.09524974
Iteration:80, Time:1ms, TotalError:0.1660662, ErrorChange:0.112679094
Iteration:81, Time:1ms, TotalError:0.054724053, ErrorChange:-0.11134215
Iteration:82, Time:1ms, TotalError:0.026260281, ErrorChange:-0.028463772
Iteration:83, Time:1ms, TotalError:0.03921996, ErrorChange:0.01295968
Iteration:84, Time:1ms, TotalError:0.020379161, ErrorChange:-0.0188408
Iteration:85, Time:2ms, TotalError:0.0503906, ErrorChange:0.03001144
Iteration:86, Time:1ms, TotalError:0.021299124, ErrorChange:-0.029091477
Iteration:87, Time:1ms, TotalError:0.060225416, ErrorChange:0.038926292
Iteration:88, Time:1ms, TotalError:0.057589017, ErrorChange:-0.0026363991
Iteration:89, Time:1ms, TotalError:0.02140708, ErrorChange:-0.036181934
Iteration:90, Time:1ms, TotalError:0.05203522, ErrorChange:0.03062814
Iteration:91, Time:1ms, TotalError:0.2198504, ErrorChange:0.16781518
Iteration:92, Time:1ms, TotalError:0.06579143, ErrorChange:-0.15405898
Iteration:93, Time:1ms, TotalError:0.04408129, ErrorChange:-0.021710139
Iteration:94, Time:2ms, TotalError:0.044723283, ErrorChange:6.419942E-4
Iteration:95, Time:1ms, TotalError:0.03753321, ErrorChange:-0.007190075
Iteration:96, Time:1ms, TotalError:0.16236866, ErrorChange:0.12483545
Iteration:97, Time:1ms, TotalError:0.053320434, ErrorChange:-0.10904822
Iteration:98, Time:1ms, TotalError:0.02296071, ErrorChange:-0.030359725
Iteration:99, Time:1ms, TotalError:0.03981262, ErrorChange:0.016851911
Iteration:100, Time:1ms, TotalError:0.05704124, ErrorChange:0.017228618
Iteration:101, Time:1ms, TotalError:0.030834157, ErrorChange:-0.026207082
Iteration:102, Time:1ms, TotalError:0.036180828, ErrorChange:0.0053466707
Iteration:103, Time:2ms, TotalError:0.0437523, ErrorChange:0.0075714737
Iteration:104, Time:1ms, TotalError:0.05710097, ErrorChange:0.013348669
Iteration:105, Time:1ms, TotalError:0.0649888, ErrorChange:0.007887829
Iteration:106, Time:1ms, TotalError:0.04273115, ErrorChange:-0.022257648
Iteration:107, Time:1ms, TotalError:0.025370816, ErrorChange:-0.017360335
Iteration:108, Time:1ms, TotalError:0.020256372, ErrorChange:-0.0051144436
Iteration:109, Time:1ms, TotalError:0.14869036, ErrorChange:0.12843399
Iteration:110, Time:1ms, TotalError:0.196965, ErrorChange:0.048274636
Iteration:111, Time:1ms, TotalError:0.043457374, ErrorChange:-0.15350762
Iteration:112, Time:1ms, TotalError:0.039747335, ErrorChange:-0.003710039
Iteration:113, Time:1ms, TotalError:0.08518739, ErrorChange:0.045440055
Iteration:114, Time:1ms, TotalError:0.023891313, ErrorChange:-0.061296076
Iteration:115, Time:2ms, TotalError:0.01766089, ErrorChange:-0.006230423
Total Training Time: 320ms
Iteration:1, Time:84ms, TotalError:0.27832374, ErrorChange:0.27832374
Iteration:2, Time:26ms, TotalError:0.35172483, ErrorChange:0.07340109
Iteration:3, Time:32ms, TotalError:0.35142452, ErrorChange:-3.00318E-4
Iteration:4, Time:16ms, TotalError:0.34990057, ErrorChange:-0.0015239418
Iteration:5, Time:4ms, TotalError:0.34931678, ErrorChange:-5.837977E-4
Iteration:6, Time:4ms, TotalError:0.3496401, ErrorChange:3.233254E-4
Iteration:7, Time:4ms, TotalError:0.3504609, ErrorChange:8.2078576E-4
Iteration:8, Time:2ms, TotalError:0.3513933, ErrorChange:9.3242526E-4
Iteration:9, Time:2ms, TotalError:0.3522123, ErrorChange:8.189976E-4
Iteration:10, Time:2ms, TotalError:0.3530684, ErrorChange:8.561015E-4
Iteration:11, Time:5ms, TotalError:0.3542413, ErrorChange:0.0011729002
Iteration:12, Time:1ms, TotalError:0.35570014, ErrorChange:0.0014588237
Iteration:13, Time:1ms, TotalError:0.35711575, ErrorChange:0.0014156103
Iteration:14, Time:1ms, TotalError:0.35817382, ErrorChange:0.0010580719
Iteration:15, Time:1ms, TotalError:0.35876906, ErrorChange:5.952418E-4
Iteration:16, Time:2ms, TotalError:0.35908782, ErrorChange:3.1876564E-4
Iteration:17, Time:1ms, TotalError:0.35948256, ErrorChange:3.9473176E-4
Iteration:18, Time:2ms, TotalError:0.3601065, ErrorChange:6.239414E-4
Iteration:19, Time:1ms, TotalError:0.36090446, ErrorChange:7.979572E-4
Iteration:20, Time:2ms, TotalError:0.3618225, ErrorChange:9.1803074E-4
Iteration:21, Time:1ms, TotalError:0.36284503, ErrorChange:0.0010225475
Iteration:22, Time:1ms, TotalError:0.3639225, ErrorChange:0.0010774732
Iteration:23, Time:1ms, TotalError:0.36489677, ErrorChange:9.742677E-4
Iteration:24, Time:1ms, TotalError:0.3654274, ErrorChange:5.3063035E-4
Iteration:25, Time:2ms, TotalError:0.36488214, ErrorChange:-5.452633E-4
Iteration:26, Time:1ms, TotalError:0.36215016, ErrorChange:-0.002731979
Iteration:27, Time:2ms, TotalError:0.3552758, ErrorChange:-0.0068743527
Iteration:28, Time:1ms, TotalError:0.34170437, ErrorChange:-0.013571441
Iteration:29, Time:2ms, TotalError:0.3236183, ErrorChange:-0.018086076
Iteration:30, Time:2ms, TotalError:0.31136367, ErrorChange:-0.012254626
Iteration:31, Time:1ms, TotalError:0.30571654, ErrorChange:-0.005647123
Iteration:32, Time:1ms, TotalError:0.28865573, ErrorChange:-0.017060816
Iteration:33, Time:2ms, TotalError:0.28809753, ErrorChange:-5.581975E-4
Iteration:34, Time:2ms, TotalError:0.2901921, ErrorChange:0.0020945668
Iteration:35, Time:1ms, TotalError:0.29769707, ErrorChange:0.00750497
Iteration:36, Time:2ms, TotalError:0.28565475, ErrorChange:-0.012042314
Iteration:37, Time:1ms, TotalError:0.26305056, ErrorChange:-0.022604197
Iteration:38, Time:1ms, TotalError:0.23027016, ErrorChange:-0.032780394
Iteration:39, Time:2ms, TotalError:0.19066814, ErrorChange:-0.039602026
Iteration:40, Time:1ms, TotalError:0.15370594, ErrorChange:-0.036962196
Iteration:41, Time:1ms, TotalError:0.119632326, ErrorChange:-0.034073614
Iteration:42, Time:2ms, TotalError:0.091602065, ErrorChange:-0.028030261
Iteration:43, Time:1ms, TotalError:0.07040475, ErrorChange:-0.021197312
Iteration:44, Time:1ms, TotalError:0.056715813, ErrorChange:-0.013688941
Iteration:45, Time:2ms, TotalError:0.047351073, ErrorChange:-0.009364739
Iteration:46, Time:2ms, TotalError:0.04032033, ErrorChange:-0.007030744
Iteration:47, Time:2ms, TotalError:0.034428347, ErrorChange:-0.0058919825
Iteration:48, Time:1ms, TotalError:0.029412871, ErrorChange:-0.0050154757
Iteration:49, Time:2ms, TotalError:0.025755959, ErrorChange:-0.0036569126
Iteration:50, Time:2ms, TotalError:0.023824492, ErrorChange:-0.0019314662
Iteration:51, Time:1ms, TotalError:0.021465424, ErrorChange:-0.002359068
Iteration:52, Time:2ms, TotalError:0.022641778, ErrorChange:0.0011763535
Iteration:53, Time:2ms, TotalError:0.015204475, ErrorChange:-0.0074373027
Iteration:54, Time:1ms, TotalError:0.023041282, ErrorChange:0.007836807
Iteration:55, Time:1ms, TotalError:0.020970566, ErrorChange:-0.0020707157
Iteration:56, Time:1ms, TotalError:0.011504822, ErrorChange:-0.009465744
Iteration:57, Time:1ms, TotalError:0.010309651, ErrorChange:-0.0011951718
Iteration:58, Time:1ms, TotalError:0.008997067, ErrorChange:-0.0013125837
Total Training Time: 271ms
Loading images...
Loaded 93 images
Creating neural network...
Training neural network
Iteration:1, Time:749ms, TotalError:0.66990525, ErrorChange:0.66990525
Iteration:2, Time:567ms, TotalError:0.56342965, ErrorChange:-0.10647559
Iteration:3, Time:553ms, TotalError:0.43892157, ErrorChange:-0.12450808
Iteration:4, Time:549ms, TotalError:0.321556, ErrorChange:-0.11736557
Iteration:5, Time:556ms, TotalError:0.22985157, ErrorChange:-0.09170443
Iteration:6, Time:563ms, TotalError:0.16854878, ErrorChange:-0.061302796
Iteration:7, Time:552ms, TotalError:0.12977089, ErrorChange:-0.038777888
Iteration:8, Time:553ms, TotalError:0.104945354, ErrorChange:-0.024825536
Iteration:9, Time:548ms, TotalError:0.08791248, ErrorChange:-0.017032877
Iteration:10, Time:549ms, TotalError:0.0758282, ErrorChange:-0.0120842755
Iteration:11, Time:552ms, TotalError:0.06695936, ErrorChange:-0.008868843
Iteration:12, Time:548ms, TotalError:0.06034354, ErrorChange:-0.0066158175
Iteration:13, Time:555ms, TotalError:0.055269722, ErrorChange:-0.0050738193
Iteration:14, Time:560ms, TotalError:0.05130312, ErrorChange:-0.0039666034
Iteration:15, Time:554ms, TotalError:0.048162688, ErrorChange:-0.003140431
Iteration:16, Time:551ms, TotalError:0.045623858, ErrorChange:-0.00253883
Iteration:17, Time:554ms, TotalError:0.043540027, ErrorChange:-0.0020838305
Iteration:18, Time:549ms, TotalError:0.04182048, ErrorChange:-0.0017195456
Iteration:19, Time:550ms, TotalError:0.040372647, ErrorChange:-0.0014478341
Iteration:20, Time:561ms, TotalError:0.039143488, ErrorChange:-0.0012291595
Iteration:21, Time:551ms, TotalError:0.03808059, ErrorChange:-0.0010628961
Iteration:22, Time:554ms, TotalError:0.037144303, ErrorChange:-9.362884E-4
Iteration:23, Time:556ms, TotalError:0.036305156, ErrorChange:-8.391477E-4
Iteration:24, Time:547ms, TotalError:0.035546556, ErrorChange:-7.585995E-4
Iteration:25, Time:549ms, TotalError:0.034836642, ErrorChange:-7.099137E-4
Iteration:26, Time:552ms, TotalError:0.034180973, ErrorChange:-6.556697E-4
Iteration:27, Time:550ms, TotalError:0.033557262, ErrorChange:-6.2371045E-4
Iteration:28, Time:548ms, TotalError:0.032959484, ErrorChange:-5.977787E-4
Iteration:29, Time:553ms, TotalError:0.032378618, ErrorChange:-5.808659E-4
Iteration:30, Time:551ms, TotalError:0.031808883, ErrorChange:-5.697347E-4
Iteration:31, Time:549ms, TotalError:0.031245172, ErrorChange:-5.637109E-4
Iteration:32, Time:550ms, TotalError:0.030687245, ErrorChange:-5.579274E-4
Iteration:33, Time:551ms, TotalError:0.030126413, ErrorChange:-5.608313E-4
Iteration:34, Time:551ms, TotalError:0.02956656, ErrorChange:-5.598534E-4
Iteration:35, Time:549ms, TotalError:0.029003672, ErrorChange:-5.6288764E-4
Iteration:36, Time:551ms, TotalError:0.028440522, ErrorChange:-5.631503E-4
Iteration:37, Time:548ms, TotalError:0.027872635, ErrorChange:-5.67887E-4
Iteration:38, Time:549ms, TotalError:0.027299838, ErrorChange:-5.727969E-4
Iteration:39, Time:549ms, TotalError:0.026722524, ErrorChange:-5.773138E-4
Iteration:40, Time:557ms, TotalError:0.026140084, ErrorChange:-5.824398E-4
Iteration:41, Time:551ms, TotalError:0.025552293, ErrorChange:-5.877912E-4
Iteration:42, Time:555ms, TotalError:0.02495919, ErrorChange:-5.9310347E-4
Iteration:43, Time:550ms, TotalError:0.02436041, ErrorChange:-5.9877895E-4
Iteration:44, Time:551ms, TotalError:0.023759523, ErrorChange:-6.0088746E-4
Iteration:45, Time:549ms, TotalError:0.023152567, ErrorChange:-6.0695596E-4
Iteration:46, Time:552ms, TotalError:0.022542166, ErrorChange:-6.1040185E-4
Iteration:47, Time:551ms, TotalError:0.021928728, ErrorChange:-6.1343797E-4
Iteration:48, Time:547ms, TotalError:0.021312246, ErrorChange:-6.164815E-4
Iteration:49, Time:550ms, TotalError:0.020693395, ErrorChange:-6.188508E-4
Iteration:50, Time:551ms, TotalError:0.020072855, ErrorChange:-6.2054023E-4
Iteration:51, Time:553ms, TotalError:0.01945155, ErrorChange:-6.213058E-4
Total Training Time: 28359ms
Loading images...
Loaded 93 images
Creating neural network...
Training neural network
Iteration:1, Time:748ms, TotalError:0.56571263, ErrorChange:0.56571263
Iteration:2, Time:565ms, TotalError:0.4100163, ErrorChange:-0.15569633
Iteration:3, Time:551ms, TotalError:0.3043411, ErrorChange:-0.10567519
Iteration:4, Time:550ms, TotalError:0.2341482, ErrorChange:-0.0701929
Iteration:5, Time:575ms, TotalError:0.18634288, ErrorChange:-0.047805324
Iteration:6, Time:550ms, TotalError:0.15252517, ErrorChange:-0.03381771
Iteration:7, Time:547ms, TotalError:0.12788153, ErrorChange:-0.024643645
Iteration:8, Time:559ms, TotalError:0.109241, ErrorChange:-0.018640526
Iteration:9, Time:549ms, TotalError:0.09466612, ErrorChange:-0.014574878
Iteration:10, Time:550ms, TotalError:0.083108984, ErrorChange:-0.011557139
Iteration:11, Time:548ms, TotalError:0.07383884, ErrorChange:-0.0092701465
Iteration:12, Time:560ms, TotalError:0.06630897, ErrorChange:-0.0075298697
Iteration:13, Time:548ms, TotalError:0.05998943, ErrorChange:-0.0063195378
Iteration:14, Time:551ms, TotalError:0.054599475, ErrorChange:-0.005389955
Iteration:15, Time:551ms, TotalError:0.050022054, ErrorChange:-0.0045774207
Iteration:16, Time:553ms, TotalError:0.046077125, ErrorChange:-0.0039449297
Iteration:17, Time:552ms, TotalError:0.04267983, ErrorChange:-0.0033972934
Iteration:18, Time:546ms, TotalError:0.03967753, ErrorChange:-0.0030023009
Iteration:19, Time:552ms, TotalError:0.0368929, ErrorChange:-0.0027846321
Iteration:20, Time:550ms, TotalError:0.03438299, ErrorChange:-0.002509907
Iteration:21, Time:547ms, TotalError:0.032145128, ErrorChange:-0.0022378638
Iteration:22, Time:547ms, TotalError:0.030134635, ErrorChange:-0.0020104926
Iteration:23, Time:552ms, TotalError:0.028329311, ErrorChange:-0.0018053241
Iteration:24, Time:552ms, TotalError:0.026696198, ErrorChange:-0.0016331133
Iteration:25, Time:547ms, TotalError:0.025219627, ErrorChange:-0.001476571
Iteration:26, Time:561ms, TotalError:0.023876483, ErrorChange:-0.0013431441
Iteration:27, Time:548ms, TotalError:0.022649275, ErrorChange:-0.0012272075
Iteration:28, Time:547ms, TotalError:0.021523053, ErrorChange:-0.0011262223
Iteration:29, Time:549ms, TotalError:0.020487793, ErrorChange:-0.00103526
Iteration:30, Time:549ms, TotalError:0.01953163, ErrorChange:-9.561628E-4
Total Training Time: 16761ms
Training convolutional network with MNIST data set
Loading images...
Loaded 200 images
Creating neural network...
Training neural network
Iteration:1, Time:3220ms, TotalError:2.3224602, ErrorChange:2.3224602
Iteration:2, Time:3145ms, TotalError:2.215846, ErrorChange:-0.10661411
Iteration:3, Time:3372ms, TotalError:2.0994163, ErrorChange:-0.116429806
Iteration:4, Time:3160ms, TotalError:1.941814, ErrorChange:-0.15760231
Iteration:5, Time:3176ms, TotalError:1.701314, ErrorChange:-0.24049997
Iteration:6, Time:3001ms, TotalError:1.4032344, ErrorChange:-0.2980796
Iteration:7, Time:3057ms, TotalError:1.1779697, ErrorChange:-0.22526467
Loading images...
Loaded 93 images
Creating neural network...
Training neural network
Iteration:1, Time:1507ms, TotalError:0.56571263, ErrorChange:0.56571263
Iteration:2, Time:1295ms, TotalError:0.4100163, ErrorChange:-0.15569633
Iteration:3, Time:1089ms, TotalError:0.3043411, ErrorChange:-0.10567519
Iteration:4, Time:924ms, TotalError:0.2341482, ErrorChange:-0.0701929
Iteration:5, Time:987ms, TotalError:0.18634288, ErrorChange:-0.047805324
Iteration:6, Time:1107ms, TotalError:0.15252517, ErrorChange:-0.03381771
Iteration:7, Time:1018ms, TotalError:0.12788153, ErrorChange:-0.024643645
Iteration:8, Time:1059ms, TotalError:0.109241, ErrorChange:-0.018640526
Iteration:9, Time:966ms, TotalError:0.09466612, ErrorChange:-0.014574878
Iteration:10, Time:1250ms, TotalError:0.083108984, ErrorChange:-0.011557139
Iteration:11, Time:1263ms, TotalError:0.07383884, ErrorChange:-0.0092701465
Iteration:12, Time:1263ms, TotalError:0.06630897, ErrorChange:-0.0075298697
Iteration:13, Time:1161ms, TotalError:0.05998943, ErrorChange:-0.0063195378
Iteration:14, Time:1144ms, TotalError:0.054599475, ErrorChange:-0.005389955
Iteration:15, Time:1190ms, TotalError:0.050022054, ErrorChange:-0.0045774207
Iteration:16, Time:1193ms, TotalError:0.046077125, ErrorChange:-0.0039449297
Iteration:17, Time:1153ms, TotalError:0.04267983, ErrorChange:-0.0033972934
Iteration:18, Time:1243ms, TotalError:0.03967753, ErrorChange:-0.0030023009
Iteration:19, Time:1209ms, TotalError:0.0368929, ErrorChange:-0.0027846321
Iteration:20, Time:870ms, TotalError:0.03438299, ErrorChange:-0.002509907
Iteration:21, Time:1258ms, TotalError:0.032145128, ErrorChange:-0.0022378638
Iteration:22, Time:1001ms, TotalError:0.030134635, ErrorChange:-0.0020104926
Iteration:23, Time:1232ms, TotalError:0.028329311, ErrorChange:-0.0018053241
Iteration:24, Time:1295ms, TotalError:0.026696198, ErrorChange:-0.0016331133
Iteration:25, Time:1255ms, TotalError:0.025219627, ErrorChange:-0.001476571
Iteration:26, Time:1311ms, TotalError:0.023876483, ErrorChange:-0.0013431441
Iteration:27, Time:1262ms, TotalError:0.022649275, ErrorChange:-0.0012272075
Iteration:28, Time:1257ms, TotalError:0.021523053, ErrorChange:-0.0011262223
Iteration:29, Time:970ms, TotalError:0.020487793, ErrorChange:-0.00103526
Iteration:30, Time:1170ms, TotalError:0.01953163, ErrorChange:-9.561628E-4
Total Training Time: 34925ms
